<?xml version="1.0" encoding="UTF-8"?>
<!-- Generated by org.testng.reporters.JUnitReportReporter -->
<testsuite skipped="0" hostname="DESKTOP-IIH6HIE" name="scripts.Test1" tests="1" failures="0" timestamp="09 Dec 2019 15:06:11 GMT" time="0.031" errors="0">
  <testcase name="test3" time="0.031" classname="scripts.Test1"/>
</testsuite> <!-- scripts.Test1 -->
